

Microchip MPLAB XC8 Assembler V2.10 build 88905656 
                                                                                               Tue Oct 06 20:55:56 2020

Microchip MPLAB XC8 C Compiler v2.10 (Free license) build 20190730164152 Og1 
     1                           	processor	18F45K50
     2                           	fnconf	rparam,??,?,0
     3                           	opt	pw 120
     4                           	opt	flic
     5                           	psect	cinit,global,reloc=2,class=CODE,delta=1
     6                           	psect	cstackCOMRAM,global,class=COMRAM,space=1,delta=1,noexec
     7                           	psect	text0,global,reloc=2,class=CODE,delta=1
     8                           	psect	text1,global,reloc=2,class=CODE,delta=1
     9                           	psect	text2,global,reloc=2,class=CODE,delta=1
    10                           	psect	text3,global,reloc=2,class=CODE,delta=1
    11                           	psect	intsave_regs,global,class=BIGRAM,space=1,delta=1,noexec
    12                           	psect	rparam,global,class=COMRAM,space=1,delta=1,noexec
    13  0000                     
    14                           ; Version 2.10
    15                           ; Generated 31/07/2019 GMT
    16                           ; 
    17                           ; Copyright © 2019, Microchip Technology Inc. and its subsidiaries ("Microchip")
    18                           ; All rights reserved.
    19                           ; 
    20                           ; This software is developed by Microchip Technology Inc. and its subsidiaries ("Microch
      +                          ip").
    21                           ; 
    22                           ; Redistribution and use in source and binary forms, with or without modification, are
    23                           ; permitted provided that the following conditions are met:
    24                           ; 
    25                           ;     1. Redistributions of source code must retain the above copyright notice, this lis
      +                          t of
    26                           ;        conditions and the following disclaimer.
    27                           ; 
    28                           ;     2. Redistributions in binary form must reproduce the above copyright notice, this 
      +                          list
    29                           ;        of conditions and the following disclaimer in the documentation and/or other
    30                           ;        materials provided with the distribution.
    31                           ; 
    32                           ;     3. Microchip's name may not be used to endorse or promote products derived from th
      +                          is
    33                           ;        software without specific prior written permission.
    34                           ; 
    35                           ; THIS SOFTWARE IS PROVIDED BY MICROCHIP "AS IS" AND ANY EXPRESS OR IMPLIED WARRANTIES,
    36                           ; INCLUDING, BUT NOT LIMITED TO, THE IMPLIED WARRANTIES OF MERCHANTABILITY AND FITNESS F
      +                          OR
    37                           ; PURPOSE ARE DISCLAIMED.  IN NO EVENT SHALL MICROCHIP BE LIABLE FOR ANY DIRECT, INDIREC
      +                          T,
    38                           ; INCIDENTAL, SPECIAL, EXEMPLARY, OR CONSEQUENTIAL DAMAGES (INCLUDING BUT NOT LIMITED TO
    39                           ; PROCUREMENT OF SUBSTITUTE GOODS OR SERVICES; LOSS OF USE, DATA OR PROFITS; OR BUSINESS
    40                           ; INTERRUPTION) HOWSOEVER CAUSED AND ON ANY THEORY OF LIABILITY, WHETHER IN CONTRACT, ST
      +                          RICT
    41                           ; LIABILITY, OR TORT (INCLUDING NEGLIGENCE OR OTHERWISE) ARISING IN ANY WAY OUT OF THE U
      +                          SE OF
    42                           ; THIS SOFTWARE, EVEN IF ADVISED OF THE POSSIBILITY OF SUCH DAMAGE.
    43                           ; 
    44                           ; 
    45                           ; Code-generator required, PIC18F45K50 Definitions
    46                           ; 
    47                           ; SFR Addresses
    48  0000                     _ANSELA	set	3931
    49  0000                     _ANSELE	set	3935
    50  0000                     _ANSELB	set	3932
    51  0000                     _ANSELC	set	3933
    52  0000                     _ANSELD	set	3934
    53  0000                     _INTCONbits	set	4082
    54  0000                     _INTCON2bits	set	4081
    55  0000                     _WPUB	set	3973
    56  0000                     _TRISD	set	3989
    57  0000                     _TRISC	set	3988
    58  0000                     _TRISB	set	3987
    59  0000                     _TRISA	set	3986
    60  0000                     _TRISE	set	3990
    61  0000                     _LATC	set	3979
    62  0000                     _LATB	set	3978
    63  0000                     _LATA	set	3977
    64  0000                     _LATD	set	3980
    65  0000                     _LATE	set	3981
    66  0000                     _ACTCON	set	4021
    67  0000                     _OSCTUNE	set	3995
    68  0000                     _OSCCON2	set	4050
    69  0000                     _OSCCON	set	4051
    70  0000                     _PORTDbits	set	3971
    71                           
    72                           ; #config settings
    73  0000                     
    74                           	psect	cinit
    75  007F5E                     __pcinit:
    76                           	opt callstack 0
    77  007F5E                     start_initialization:
    78                           	opt callstack 0
    79  007F5E                     __initialization:
    80                           	opt callstack 0
    81  007F5E                     end_of_initialization:
    82                           	opt callstack 0
    83  007F5E                     __end_of__initialization:
    84                           	opt callstack 0
    85  007F5E  0100               	movlb	0
    86  007F60  EFC0  F03F         	goto	_main	;jump to C main() function
    87                           
    88                           	psect	cstackCOMRAM
    89  000001                     __pcstackCOMRAM:
    90                           	opt callstack 0
    91  000001                     ??_main:
    92                           
    93                           ; 1 bytes @ 0x0
    94  000001                     	ds	2
    95                           
    96 ;;
    97 ;;Main: autosize = 0, tempsize = 2, incstack = 0, save=0
    98 ;;
    99 ;; *************** function _main *****************
   100 ;; Defined at:
   101 ;;		line 49 in file "main.c"
   102 ;; Parameters:    Size  Location     Type
   103 ;;		None
   104 ;; Auto vars:     Size  Location     Type
   105 ;;		None
   106 ;; Return value:  Size  Location     Type
   107 ;;                  1    wreg      void 
   108 ;; Registers used:
   109 ;;		wreg, status,2, cstack
   110 ;; Tracked objects:
   111 ;;		On entry : 0/0
   112 ;;		On exit  : 0/0
   113 ;;		Unchanged: 0/0
   114 ;; Data sizes:     COMRAM   BANK0   BANK1   BANK2   BANK3   BANK4   BANK5   BANK6   BANK7
   115 ;;      Params:         0       0       0       0       0       0       0       0       0
   116 ;;      Locals:         0       0       0       0       0       0       0       0       0
   117 ;;      Temps:          2       0       0       0       0       0       0       0       0
   118 ;;      Totals:         2       0       0       0       0       0       0       0       0
   119 ;;Total ram usage:        2 bytes
   120 ;; Hardware stack levels required when called:    2
   121 ;; This function calls:
   122 ;;		_SYSTEM_Initialize
   123 ;; This function is called by:
   124 ;;		Startup code after reset
   125 ;; This function uses a non-reentrant model
   126 ;;
   127                           
   128                           	psect	text0
   129  007F80                     __ptext0:
   130                           	opt callstack 0
   131  007F80                     _main:
   132                           	opt callstack 29
   133  007F80                     
   134                           ;main.c: 52:     SYSTEM_Initialize();
   135  007F80  ECB2  F03F         	call	_SYSTEM_Initialize	;wreg free
   136  007F84                     l762:
   137                           
   138                           ;main.c: 56:     {;main.c: 58:         PORTDbits.RD0=1;
   139  007F84  8083               	bsf	131,0,c	;volatile
   140  007F86                     
   141                           ;main.c: 59:         _delay((unsigned long)((500)*(2000000/4000.0)));
   142  007F86  0E02               	movlw	2
   143  007F88  6E02               	movwf	(??_main+1)^0,c
   144  007F8A  0E45               	movlw	69
   145  007F8C  6E01               	movwf	??_main^0,c
   146  007F8E  0EAA               	movlw	170
   147  007F90                     u17:
   148  007F90  2EE8               	decfsz	wreg,f,c
   149  007F92  D7FE               	bra	u17
   150  007F94  2E01               	decfsz	??_main^0,f,c
   151  007F96  D7FC               	bra	u17
   152  007F98  2E02               	decfsz	(??_main+1)^0,f,c
   153  007F9A  D7FA               	bra	u17
   154  007F9C                     
   155                           ;main.c: 60:         PORTDbits.RD0=0;
   156  007F9C  9083               	bcf	131,0,c	;volatile
   157  007F9E                     
   158                           ;main.c: 61:         _delay((unsigned long)((500)*(2000000/4000.0)));
   159  007F9E  0E02               	movlw	2
   160  007FA0  6E02               	movwf	(??_main+1)^0,c
   161  007FA2  0E45               	movlw	69
   162  007FA4  6E01               	movwf	??_main^0,c
   163  007FA6  0EAA               	movlw	170
   164  007FA8                     u27:
   165  007FA8  2EE8               	decfsz	wreg,f,c
   166  007FAA  D7FE               	bra	u27
   167  007FAC  2E01               	decfsz	??_main^0,f,c
   168  007FAE  D7FC               	bra	u27
   169  007FB0  2E02               	decfsz	(??_main+1)^0,f,c
   170  007FB2  D7FA               	bra	u27
   171  007FB4  EFC2  F03F         	goto	l762
   172  007FB8  EF00  F000         	goto	start
   173  007FBC                     __end_of_main:
   174                           	opt callstack 0
   175                           
   176 ;; *************** function _SYSTEM_Initialize *****************
   177 ;; Defined at:
   178 ;;		line 50 in file "mcc_generated_files/mcc.c"
   179 ;; Parameters:    Size  Location     Type
   180 ;;		None
   181 ;; Auto vars:     Size  Location     Type
   182 ;;		None
   183 ;; Return value:  Size  Location     Type
   184 ;;                  1    wreg      void 
   185 ;; Registers used:
   186 ;;		wreg, status,2, cstack
   187 ;; Tracked objects:
   188 ;;		On entry : 0/0
   189 ;;		On exit  : 0/0
   190 ;;		Unchanged: 0/0
   191 ;; Data sizes:     COMRAM   BANK0   BANK1   BANK2   BANK3   BANK4   BANK5   BANK6   BANK7
   192 ;;      Params:         0       0       0       0       0       0       0       0       0
   193 ;;      Locals:         0       0       0       0       0       0       0       0       0
   194 ;;      Temps:          0       0       0       0       0       0       0       0       0
   195 ;;      Totals:         0       0       0       0       0       0       0       0       0
   196 ;;Total ram usage:        0 bytes
   197 ;; Hardware stack levels used:    1
   198 ;; Hardware stack levels required when called:    1
   199 ;; This function calls:
   200 ;;		_OSCILLATOR_Initialize
   201 ;;		_PIN_MANAGER_Initialize
   202 ;; This function is called by:
   203 ;;		_main
   204 ;; This function uses a non-reentrant model
   205 ;;
   206                           
   207                           	psect	text1
   208  007F64                     __ptext1:
   209                           	opt callstack 0
   210  007F64                     _SYSTEM_Initialize:
   211                           	opt callstack 29
   212  007F64                     
   213                           ;mcc_generated_files/mcc.c: 53:     PIN_MANAGER_Initialize();
   214  007F64  ECDE  F03F         	call	_PIN_MANAGER_Initialize	;wreg free
   215                           
   216                           ;mcc_generated_files/mcc.c: 54:     OSCILLATOR_Initialize();
   217  007F68  ECB7  F03F         	call	_OSCILLATOR_Initialize	;wreg free
   218  007F6C  0012               	return		;funcret
   219  007F6E                     __end_of_SYSTEM_Initialize:
   220                           	opt callstack 0
   221                           
   222 ;; *************** function _PIN_MANAGER_Initialize *****************
   223 ;; Defined at:
   224 ;;		line 55 in file "mcc_generated_files/pin_manager.c"
   225 ;; Parameters:    Size  Location     Type
   226 ;;		None
   227 ;; Auto vars:     Size  Location     Type
   228 ;;		None
   229 ;; Return value:  Size  Location     Type
   230 ;;                  1    wreg      void 
   231 ;; Registers used:
   232 ;;		wreg, status,2
   233 ;; Tracked objects:
   234 ;;		On entry : 0/0
   235 ;;		On exit  : 0/0
   236 ;;		Unchanged: 0/0
   237 ;; Data sizes:     COMRAM   BANK0   BANK1   BANK2   BANK3   BANK4   BANK5   BANK6   BANK7
   238 ;;      Params:         0       0       0       0       0       0       0       0       0
   239 ;;      Locals:         0       0       0       0       0       0       0       0       0
   240 ;;      Temps:          0       0       0       0       0       0       0       0       0
   241 ;;      Totals:         0       0       0       0       0       0       0       0       0
   242 ;;Total ram usage:        0 bytes
   243 ;; Hardware stack levels used:    1
   244 ;; This function calls:
   245 ;;		Nothing
   246 ;; This function is called by:
   247 ;;		_SYSTEM_Initialize
   248 ;; This function uses a non-reentrant model
   249 ;;
   250                           
   251                           	psect	text2
   252  007FBC                     __ptext2:
   253                           	opt callstack 0
   254  007FBC                     _PIN_MANAGER_Initialize:
   255                           	opt callstack 29
   256  007FBC                     
   257                           ;mcc_generated_files/pin_manager.c: 60:     LATE = 0x00;
   258  007FBC  0E00               	movlw	0
   259  007FBE  6E8D               	movwf	141,c	;volatile
   260                           
   261                           ;mcc_generated_files/pin_manager.c: 61:     LATD = 0x00;
   262  007FC0  0E00               	movlw	0
   263  007FC2  6E8C               	movwf	140,c	;volatile
   264                           
   265                           ;mcc_generated_files/pin_manager.c: 62:     LATA = 0x00;
   266  007FC4  0E00               	movlw	0
   267  007FC6  6E89               	movwf	137,c	;volatile
   268                           
   269                           ;mcc_generated_files/pin_manager.c: 63:     LATB = 0x00;
   270  007FC8  0E00               	movlw	0
   271  007FCA  6E8A               	movwf	138,c	;volatile
   272                           
   273                           ;mcc_generated_files/pin_manager.c: 64:     LATC = 0x00;
   274  007FCC  0E00               	movlw	0
   275  007FCE  6E8B               	movwf	139,c	;volatile
   276                           
   277                           ;mcc_generated_files/pin_manager.c: 69:     TRISE = 0x07;
   278  007FD0  0E07               	movlw	7
   279  007FD2  6E96               	movwf	150,c	;volatile
   280                           
   281                           ;mcc_generated_files/pin_manager.c: 70:     TRISA = 0x00;
   282  007FD4  0E00               	movlw	0
   283  007FD6  6E92               	movwf	146,c	;volatile
   284  007FD8                     
   285                           ;mcc_generated_files/pin_manager.c: 71:     TRISB = 0xFF;
   286  007FD8  6893               	setf	147,c	;volatile
   287                           
   288                           ;mcc_generated_files/pin_manager.c: 72:     TRISC = 0xC7;
   289  007FDA  0EC7               	movlw	199
   290  007FDC  6E94               	movwf	148,c	;volatile
   291                           
   292                           ;mcc_generated_files/pin_manager.c: 73:     TRISD = 0x00;
   293  007FDE  0E00               	movlw	0
   294  007FE0  6E95               	movwf	149,c	;volatile
   295                           
   296                           ;mcc_generated_files/pin_manager.c: 78:     ANSELD = 0x00;
   297  007FE2  0E00               	movlw	0
   298  007FE4  010F               	movlb	15	; () banked
   299  007FE6  6F5E               	movwf	94,b	;volatile
   300                           
   301                           ;mcc_generated_files/pin_manager.c: 79:     ANSELC = 0xC4;
   302  007FE8  0EC4               	movlw	196
   303  007FEA  6F5D               	movwf	93,b	;volatile
   304                           
   305                           ;mcc_generated_files/pin_manager.c: 80:     ANSELB = 0x3F;
   306  007FEC  0E3F               	movlw	63
   307  007FEE  6F5C               	movwf	92,b	;volatile
   308                           
   309                           ;mcc_generated_files/pin_manager.c: 81:     ANSELE = 0x07;
   310  007FF0  0E07               	movlw	7
   311  007FF2  6F5F               	movwf	95,b	;volatile
   312                           
   313                           ;mcc_generated_files/pin_manager.c: 82:     ANSELA = 0x00;
   314  007FF4  0E00               	movlw	0
   315  007FF6  6F5B               	movwf	91,b	;volatile
   316                           
   317                           ;mcc_generated_files/pin_manager.c: 87:     WPUB = 0x00;
   318  007FF8  0E00               	movlw	0
   319  007FFA  6E85               	movwf	133,c	;volatile
   320  007FFC                     
   321                           ; BSR set to: 15
   322                           ;mcc_generated_files/pin_manager.c: 88:     INTCON2bits.nRBPU = 1;
   323  007FFC  8EF1               	bsf	241,7,c	;volatile
   324  007FFE                     
   325                           ; BSR set to: 15
   326  007FFE  0012               	return		;funcret
   327  008000                     __end_of_PIN_MANAGER_Initialize:
   328                           	opt callstack 0
   329                           
   330 ;; *************** function _OSCILLATOR_Initialize *****************
   331 ;; Defined at:
   332 ;;		line 57 in file "mcc_generated_files/mcc.c"
   333 ;; Parameters:    Size  Location     Type
   334 ;;		None
   335 ;; Auto vars:     Size  Location     Type
   336 ;;		None
   337 ;; Return value:  Size  Location     Type
   338 ;;                  1    wreg      void 
   339 ;; Registers used:
   340 ;;		wreg, status,2
   341 ;; Tracked objects:
   342 ;;		On entry : 0/0
   343 ;;		On exit  : 0/0
   344 ;;		Unchanged: 0/0
   345 ;; Data sizes:     COMRAM   BANK0   BANK1   BANK2   BANK3   BANK4   BANK5   BANK6   BANK7
   346 ;;      Params:         0       0       0       0       0       0       0       0       0
   347 ;;      Locals:         0       0       0       0       0       0       0       0       0
   348 ;;      Temps:          0       0       0       0       0       0       0       0       0
   349 ;;      Totals:         0       0       0       0       0       0       0       0       0
   350 ;;Total ram usage:        0 bytes
   351 ;; Hardware stack levels used:    1
   352 ;; This function calls:
   353 ;;		Nothing
   354 ;; This function is called by:
   355 ;;		_SYSTEM_Initialize
   356 ;; This function uses a non-reentrant model
   357 ;;
   358                           
   359                           	psect	text3
   360  007F6E                     __ptext3:
   361                           	opt callstack 0
   362  007F6E                     _OSCILLATOR_Initialize:
   363                           	opt callstack 29
   364  007F6E                     
   365                           ;mcc_generated_files/mcc.c: 60:     OSCCON = 0x40;
   366  007F6E  0E40               	movlw	64
   367  007F70  6ED3               	movwf	211,c	;volatile
   368                           
   369                           ;mcc_generated_files/mcc.c: 62:     OSCCON2 = 0x00;
   370  007F72  0E00               	movlw	0
   371  007F74  6ED2               	movwf	210,c	;volatile
   372                           
   373                           ;mcc_generated_files/mcc.c: 64:     OSCTUNE = 0x00;
   374  007F76  0E00               	movlw	0
   375  007F78  6E9B               	movwf	155,c	;volatile
   376                           
   377                           ;mcc_generated_files/mcc.c: 66:     ACTCON = 0x00;
   378  007F7A  0E00               	movlw	0
   379  007F7C  6EB5               	movwf	181,c	;volatile
   380  007F7E  0012               	return		;funcret
   381  007F80                     __end_of_OSCILLATOR_Initialize:
   382                           	opt callstack 0
   383  0000                     
   384                           	psect	rparam
   385  0000                     tosu	equ	0xFFF
   386                           tosh	equ	0xFFE
   387                           tosl	equ	0xFFD
   388                           stkptr	equ	0xFFC
   389                           pclatu	equ	0xFFB
   390                           pclath	equ	0xFFA
   391                           pcl	equ	0xFF9
   392                           tblptru	equ	0xFF8
   393                           tblptrh	equ	0xFF7
   394                           tblptrl	equ	0xFF6
   395                           tablat	equ	0xFF5
   396                           prodh	equ	0xFF4
   397                           prodl	equ	0xFF3
   398                           indf0	equ	0xFEF
   399                           postinc0	equ	0xFEE
   400                           postdec0	equ	0xFED
   401                           preinc0	equ	0xFEC
   402                           plusw0	equ	0xFEB
   403                           fsr0h	equ	0xFEA
   404                           fsr0l	equ	0xFE9
   405                           wreg	equ	0xFE8
   406                           indf1	equ	0xFE7
   407                           postinc1	equ	0xFE6
   408                           postdec1	equ	0xFE5
   409                           preinc1	equ	0xFE4
   410                           plusw1	equ	0xFE3
   411                           fsr1h	equ	0xFE2
   412                           fsr1l	equ	0xFE1
   413                           bsr	equ	0xFE0
   414                           indf2	equ	0xFDF
   415                           postinc2	equ	0xFDE
   416                           postdec2	equ	0xFDD
   417                           preinc2	equ	0xFDC
   418                           plusw2	equ	0xFDB
   419                           fsr2h	equ	0xFDA
   420                           fsr2l	equ	0xFD9
   421                           status	equ	0xFD8


Data Sizes:
    Strings     0
    Constant    0
    Data        0
    BSS         0
    Persistent  0
    Stack       0

Auto Spaces:
    Space          Size  Autos    Used
    COMRAM           95      2       2
    BANK0           160      0       0
    BANK1           256      0       0
    BANK2           256      0       0
    BANK3           256      0       0
    BANK4           256      0       0
    BANK5           256      0       0
    BANK6           256      0       0
    BANK7           256      0       0

Pointer List with Targets:

    None.

Critical Paths under _main in COMRAM

    None.

Critical Paths under _main in BANK0

    None.

Critical Paths under _main in BANK1

    None.

Critical Paths under _main in BANK2

    None.

Critical Paths under _main in BANK3

    None.

Critical Paths under _main in BANK4

    None.

Critical Paths under _main in BANK5

    None.

Critical Paths under _main in BANK6

    None.

Critical Paths under _main in BANK7

    None.

Call Graph Tables:

 ---------------------------------------------------------------------------------
 (Depth) Function   	        Calls       Base Space   Used Autos Params    Refs
 ---------------------------------------------------------------------------------
 (0) _main                                                 2     2      0       0
                                              0 COMRAM     2     2      0
                  _SYSTEM_Initialize
 ---------------------------------------------------------------------------------
 (1) _SYSTEM_Initialize                                    0     0      0       0
              _OSCILLATOR_Initialize
             _PIN_MANAGER_Initialize
 ---------------------------------------------------------------------------------
 (2) _PIN_MANAGER_Initialize                               0     0      0       0
 ---------------------------------------------------------------------------------
 (2) _OSCILLATOR_Initialize                                0     0      0       0
 ---------------------------------------------------------------------------------
 Estimated maximum stack depth 2
 ---------------------------------------------------------------------------------

 Call Graph Graphs:

 _main (ROOT)
   _SYSTEM_Initialize
     _OSCILLATOR_Initialize
     _PIN_MANAGER_Initialize

 Address spaces:
Name               Size   Autos  Total    Cost      Usage
BITCOMRAM           5F      0       0       0        0.0%
EEDATA             100      0       0       0        0.0%
NULL                 0      0       0       0        0.0%
CODE                 0      0       0       0        0.0%
COMRAM              5F      2       2       1        2.1%
STACK                0      0       0       2        0.0%
DATA                 0      0       0       3        0.0%
BITBANK0            A0      0       0       4        0.0%
BANK0               A0      0       0       5        0.0%
ABS                  0      0       0       6        0.0%
BITBANK1           100      0       0       7        0.0%
BANK1              100      0       0       8        0.0%
BITBANK2           100      0       0       9        0.0%
BANK2              100      0       0      10        0.0%
BITBANK3           100      0       0      11        0.0%
BANK3              100      0       0      12        0.0%
BITBANK4           100      0       0      13        0.0%
BANK4              100      0       0      14        0.0%
BITBANK5           100      0       0      15        0.0%
BANK5              100      0       0      16        0.0%
BITBANK6           100      0       0      17        0.0%
BANK6              100      0       0      18        0.0%
BITBANK7           100      0       0      19        0.0%
BANK7              100      0       0      20        0.0%
BIGRAM             7FF      0       0      21        0.0%
BITSFR_1             0      0       0     200        0.0%
SFR_1                0      0       0     200        0.0%
BITSFR               0      0       0     200        0.0%
SFR                  0      0       0     200        0.0%


Microchip Technology PIC18 Macro Assembler V2.10 build 88905656 
Symbol Table                                                                                   Tue Oct 06 20:55:56 2020

                             l32 7F7E                               l29 7F6C  
                             l71 7FFE                               u17 7F90  
                             u27 7FA8                     __CFG_CP0$OFF 000000  
                   __CFG_CP1$OFF 000000                     __CFG_CP2$OFF 000000  
                   __CFG_CP3$OFF 000000                      __CFG_LVP$ON 000000  
                            l750 7FBC                              l752 7FD8  
                            l760 7F80                              l754 7FFC  
                            l762 7F84                              l756 7F6E  
                            l764 7F86                              l758 7F64  
                            l766 7F9C                              l768 7F9E  
                   __CFG_CPB$OFF 000000                     __CFG_CPD$OFF 000000  
                            wreg 000FE8                             _LATA 000F89  
                           _LATB 000F8A                             _LATC 000F8B  
                           _LATD 000F8C                             _LATE 000F8D  
                           _WPUB 000F85                             _main 7F80  
                  __CFG_BORV$190 000000                             start 0000  
                  __CFG_IESO$OFF 000000                    __CFG_MCLRE$ON 000000  
                   ___param_bank 000000   __size_of_OSCILLATOR_Initialize 0012  
  __end_of_OSCILLATOR_Initialize 7F80                            ?_main 0001  
                 __CFG_DEBUG$OFF 000000                            _TRISA 000F92  
                          _TRISB 000F93                            _TRISC 000F94  
                          _TRISD 000F95                            _TRISE 000F96  
                  __CFG_WRT0$OFF 000000                    __CFG_WRT1$OFF 000000  
                  __CFG_WRT2$OFF 000000                    __CFG_WRT3$OFF 000000  
                 __CFG_EBTR0$OFF 000000                   __CFG_FCMEN$OFF 000000  
                 __CFG_EBTR1$OFF 000000                   __CFG_EBTR2$OFF 000000  
                 __CFG_EBTR3$OFF 000000                    __CFG_WRTB$OFF 000000  
                  __CFG_WRTC$OFF 000000                    __CFG_WRTD$OFF 000000  
                 __CFG_EBTRB$OFF 000000                   __CFG_T3CMX$RC0 000000  
                 __CFG_ICPRT$OFF 000000                   __CFG_PBADEN$ON 000000  
                __initialization 7F5E                     __end_of_main 7FBC  
                 __CFG_PCLKEN$ON 000000                           ??_main 0001  
                  __activetblptr 000000                   __CFG_SDOMX$RB3 000000  
                __CFG_CCP2MX$RC1 000000                           _ACTCON 000FB5  
                         _ANSELA 000F5B                           _ANSELB 000F5C  
                         _ANSELC 000F5D                           _ANSELD 000F5E  
                         _ANSELE 000F5F                   __CFG_WDTEN$OFF 000000  
                         _OSCCON 000FD3                   __CFG_XINST$OFF 000000  
                 __CFG_STVREN$ON 000000             __CFG_LS48MHZ$SYS24X4 000000  
              _SYSTEM_Initialize 7F64                       __accesstop 0060  
        __end_of__initialization 7F5E               ?_SYSTEM_Initialize 0001  
                  ___rparam_used 000001                   __pcstackCOMRAM 0001  
               __CFG_nPWRTEN$OFF 000000              ??_SYSTEM_Initialize 0001  
      __end_of_SYSTEM_Initialize 7F6E                __CFG_PLLSEL$PLL4X 000000  
                        _OSCCON2 000FD2                          _OSCTUNE 000F9B  
                        __Hparam 0000                          __Lparam 0000  
                        __pcinit 7F5E                          __ramtop 0800  
                        __ptext0 7F80                          __ptext1 7F64  
                        __ptext2 7FBC                          __ptext3 7F6E  
          _OSCILLATOR_Initialize 7F6E         ??_PIN_MANAGER_Initialize 0001  
     __size_of_SYSTEM_Initialize 000A             end_of_initialization 7F5E  
                      _PORTDbits 000F83           ?_OSCILLATOR_Initialize 0001  
            start_initialization 7F5E  __size_of_PIN_MANAGER_Initialize 0044  
                __CFG_nLPBOR$OFF 000000           _PIN_MANAGER_Initialize 7FBC  
               __CFG_WDTPS$32768 000000                __CFG_CFGPLLEN$OFF 000000  
                    _INTCON2bits 000FF1                         __Hrparam 0000  
                       __Lrparam 0000               __CFG_BOREN$SBORDIS 000000  
        ??_OSCILLATOR_Initialize 0001                    __size_of_main 003C  
                     _INTCONbits 000FF2          ?_PIN_MANAGER_Initialize 0001  
           __CFG_CPUDIV$NOCLKDIV 000000               __CFG_FOSC$INTOSCIO 000000  
 __end_of_PIN_MANAGER_Initialize 8000  
