

Microchip MPLAB XC8 Assembler V2.10 build 88905656 
                                                                                               Wed Oct 14 20:39:13 2020

Microchip MPLAB XC8 C Compiler v2.10 (Free license) build 20190730164152 Og1 
     1                           	processor	18F45K50
     2                           	fnconf	rparam,??,?,0
     3                           	opt	pw 120
     4                           	opt	flic
     5                           	psect	cinit,global,reloc=2,class=CODE,delta=1
     6                           	psect	bssCOMRAM,global,class=COMRAM,space=1,delta=1,noexec
     7                           	psect	cstackCOMRAM,global,class=COMRAM,space=1,delta=1,noexec
     8                           	psect	text0,global,reloc=2,class=CODE,delta=1
     9                           	psect	text1,global,reloc=2,class=CODE,delta=1
    10                           	psect	intcode,global,reloc=2,class=CODE,delta=1
    11                           	psect	intsave_regs,global,class=BIGRAM,space=1,delta=1,noexec
    12                           	psect	rparam,global,class=COMRAM,space=1,delta=1,noexec
    13                           	psect	temp,global,ovrld,common,class=COMRAM,space=1,delta=1
    14  0000                     
    15                           ; Version 2.10
    16                           ; Generated 31/07/2019 GMT
    17                           ; 
    18                           ; Copyright © 2019, Microchip Technology Inc. and its subsidiaries ("Microchip")
    19                           ; All rights reserved.
    20                           ; 
    21                           ; This software is developed by Microchip Technology Inc. and its subsidiaries ("Microch
      +                          ip").
    22                           ; 
    23                           ; Redistribution and use in source and binary forms, with or without modification, are
    24                           ; permitted provided that the following conditions are met:
    25                           ; 
    26                           ;     1. Redistributions of source code must retain the above copyright notice, this lis
      +                          t of
    27                           ;        conditions and the following disclaimer.
    28                           ; 
    29                           ;     2. Redistributions in binary form must reproduce the above copyright notice, this 
      +                          list
    30                           ;        of conditions and the following disclaimer in the documentation and/or other
    31                           ;        materials provided with the distribution.
    32                           ; 
    33                           ;     3. Microchip's name may not be used to endorse or promote products derived from th
      +                          is
    34                           ;        software without specific prior written permission.
    35                           ; 
    36                           ; THIS SOFTWARE IS PROVIDED BY MICROCHIP "AS IS" AND ANY EXPRESS OR IMPLIED WARRANTIES,
    37                           ; INCLUDING, BUT NOT LIMITED TO, THE IMPLIED WARRANTIES OF MERCHANTABILITY AND FITNESS F
      +                          OR
    38                           ; PURPOSE ARE DISCLAIMED.  IN NO EVENT SHALL MICROCHIP BE LIABLE FOR ANY DIRECT, INDIREC
      +                          T,
    39                           ; INCIDENTAL, SPECIAL, EXEMPLARY, OR CONSEQUENTIAL DAMAGES (INCLUDING BUT NOT LIMITED TO
    40                           ; PROCUREMENT OF SUBSTITUTE GOODS OR SERVICES; LOSS OF USE, DATA OR PROFITS; OR BUSINESS
    41                           ; INTERRUPTION) HOWSOEVER CAUSED AND ON ANY THEORY OF LIABILITY, WHETHER IN CONTRACT, ST
      +                          RICT
    42                           ; LIABILITY, OR TORT (INCLUDING NEGLIGENCE OR OTHERWISE) ARISING IN ANY WAY OUT OF THE U
      +                          SE OF
    43                           ; THIS SOFTWARE, EVEN IF ADVISED OF THE POSSIBILITY OF SUCH DAMAGE.
    44                           ; 
    45                           ; 
    46                           ; Code-generator required, PIC18F45K50 Definitions
    47                           ; 
    48                           ; SFR Addresses
    49  0000                     _ANSELD	set	3934
    50  0000                     _ANSELB	set	3932
    51  0000                     _INTCON2bits	set	4081
    52  0000                     _INTCONbits	set	4082
    53  0000                     _TRISBbits	set	3987
    54  0000                     _PORTD	set	3971
    55  0000                     _TRISD	set	3989
    56                           
    57                           ; #config settings
    58  0000                     
    59                           	psect	cinit
    60  000036                     __pcinit:
    61                           	opt callstack 0
    62  000036                     start_initialization:
    63                           	opt callstack 0
    64  000036                     __initialization:
    65                           	opt callstack 0
    66                           
    67                           ; Clear objects allocated to COMRAM (2 bytes)
    68  000036  6A07               	clrf	(__pbssCOMRAM+1)& (0+255),c
    69  000038  6A06               	clrf	__pbssCOMRAM& (0+255),c
    70  00003A                     end_of_initialization:
    71                           	opt callstack 0
    72  00003A                     __end_of__initialization:
    73                           	opt callstack 0
    74  00003A  9008               	bcf	int$flags,0,c	;clear compiler interrupt flag (level 1)
    75  00003C  9208               	bcf	int$flags,1,c	;clear compiler interrupt flag (level 2)
    76  00003E  0100               	movlb	0
    77  000040  EF0C  F000         	goto	_main	;jump to C main() function
    78                           
    79                           	psect	bssCOMRAM
    80  000006                     __pbssCOMRAM:
    81                           	opt callstack 0
    82  000006                     _cont:
    83                           	opt callstack 0
    84  000006                     	ds	2
    85                           
    86                           	psect	cstackCOMRAM
    87  000001                     __pcstackCOMRAM:
    88                           	opt callstack 0
    89  000001                     
    90                           ; 2 bytes @ 0x0
    91  000001                     	ds	2
    92  000003                     
    93                           ; 3 bytes @ 0x2
    94  000003                     	ds	3
    95  000006                     
    96                           ; 1 bytes @ 0x5
    97 ;;
    98 ;;Main: autosize = 0, tempsize = 0, incstack = 0, save=0
    99 ;;
   100 ;; *************** function _main *****************
   101 ;; Defined at:
   102 ;;		line 21 in file "main.c"
   103 ;; Parameters:    Size  Location     Type
   104 ;;  argc            2    0[COMRAM] int 
   105 ;;  argv            3    2[COMRAM] PTR PTR unsigned char 
   106 ;; Auto vars:     Size  Location     Type
   107 ;;		None
   108 ;; Return value:  Size  Location     Type
   109 ;;                  2    0[COMRAM] int 
   110 ;; Registers used:
   111 ;;		wreg, status,2, cstack
   112 ;; Tracked objects:
   113 ;;		On entry : 0/0
   114 ;;		On exit  : 0/0
   115 ;;		Unchanged: 0/0
   116 ;; Data sizes:     COMRAM   BANK0   BANK1   BANK2   BANK3   BANK4   BANK5   BANK6   BANK7
   117 ;;      Params:         5       0       0       0       0       0       0       0       0
   118 ;;      Locals:         0       0       0       0       0       0       0       0       0
   119 ;;      Temps:          0       0       0       0       0       0       0       0       0
   120 ;;      Totals:         5       0       0       0       0       0       0       0       0
   121 ;;Total ram usage:        5 bytes
   122 ;; Hardware stack levels required when called:    2
   123 ;; This function calls:
   124 ;;		_conf
   125 ;; This function is called by:
   126 ;;		Startup code after reset
   127 ;; This function uses a non-reentrant model
   128 ;;
   129                           
   130                           	psect	text0
   131  000018                     __ptext0:
   132                           	opt callstack 0
   133  000018                     _main:
   134                           	opt callstack 29
   135  000018                     
   136                           ;main.c: 23:     ANSELB=0;
   137  000018  0E00               	movlw	0
   138  00001A  010F               	movlb	15	; () banked
   139  00001C  6F5C               	movwf	92,b	;volatile
   140                           
   141                           ;main.c: 24:     ANSELD=0;
   142  00001E  0E00               	movlw	0
   143  000020  6F5E               	movwf	94,b	;volatile
   144                           
   145                           ;main.c: 26:     TRISD=0;
   146  000022  0E00               	movlw	0
   147  000024  6E95               	movwf	149,c	;volatile
   148  000026                     
   149                           ; BSR set to: 15
   150                           ;main.c: 27:     conf();
   151  000026  EC22  F000         	call	_conf	;wreg free
   152  00002A                     l726:
   153                           
   154                           ;main.c: 30:         PORTD = cont;
   155  00002A  C006  FF83         	movff	_cont,3971	;volatile
   156  00002E  EF15  F000         	goto	l726
   157  000032  EF0A  F000         	goto	start
   158  000036                     __end_of_main:
   159                           	opt callstack 0
   160                           
   161 ;; *************** function _conf *****************
   162 ;; Defined at:
   163 ;;		line 37 in file "main.c"
   164 ;; Parameters:    Size  Location     Type
   165 ;;		None
   166 ;; Auto vars:     Size  Location     Type
   167 ;;		None
   168 ;; Return value:  Size  Location     Type
   169 ;;                  1    wreg      void 
   170 ;; Registers used:
   171 ;;		None
   172 ;; Tracked objects:
   173 ;;		On entry : 0/0
   174 ;;		On exit  : 0/0
   175 ;;		Unchanged: 0/0
   176 ;; Data sizes:     COMRAM   BANK0   BANK1   BANK2   BANK3   BANK4   BANK5   BANK6   BANK7
   177 ;;      Params:         0       0       0       0       0       0       0       0       0
   178 ;;      Locals:         0       0       0       0       0       0       0       0       0
   179 ;;      Temps:          0       0       0       0       0       0       0       0       0
   180 ;;      Totals:         0       0       0       0       0       0       0       0       0
   181 ;;Total ram usage:        0 bytes
   182 ;; Hardware stack levels used:    1
   183 ;; Hardware stack levels required when called:    1
   184 ;; This function calls:
   185 ;;		Nothing
   186 ;; This function is called by:
   187 ;;		_main
   188 ;; This function uses a non-reentrant model
   189 ;;
   190                           
   191                           	psect	text1
   192  000044                     __ptext1:
   193                           	opt callstack 0
   194  000044                     _conf:
   195                           	opt callstack 29
   196  000044                     
   197                           ;main.c: 38:     TRISBbits.RB0=1;
   198  000044  8093               	bsf	147,0,c	;volatile
   199                           
   200                           ;main.c: 39:     INTCONbits.INT0IE=1;
   201  000046  88F2               	bsf	242,4,c	;volatile
   202                           
   203                           ;main.c: 40:     INTCONbits.INT0IF=0;
   204  000048  92F2               	bcf	242,1,c	;volatile
   205                           
   206                           ;main.c: 41:     INTCON2bits.INTEDG0=0;
   207  00004A  9CF1               	bcf	241,6,c	;volatile
   208                           
   209                           ;main.c: 42:     INTCONbits.GIE=1;
   210  00004C  8EF2               	bsf	242,7,c	;volatile
   211  00004E  0012               	return		;funcret
   212  000050                     __end_of_conf:
   213                           	opt callstack 0
   214                           
   215 ;; *************** function _first_int *****************
   216 ;; Defined at:
   217 ;;		line 47 in file "main.c"
   218 ;; Parameters:    Size  Location     Type
   219 ;;		None
   220 ;; Auto vars:     Size  Location     Type
   221 ;;		None
   222 ;; Return value:  Size  Location     Type
   223 ;;                  1    wreg      void 
   224 ;; Registers used:
   225 ;;		status,2, status,0
   226 ;; Tracked objects:
   227 ;;		On entry : 0/0
   228 ;;		On exit  : 0/0
   229 ;;		Unchanged: 0/0
   230 ;; Data sizes:     COMRAM   BANK0   BANK1   BANK2   BANK3   BANK4   BANK5   BANK6   BANK7
   231 ;;      Params:         0       0       0       0       0       0       0       0       0
   232 ;;      Locals:         0       0       0       0       0       0       0       0       0
   233 ;;      Temps:          0       0       0       0       0       0       0       0       0
   234 ;;      Totals:         0       0       0       0       0       0       0       0       0
   235 ;;Total ram usage:        0 bytes
   236 ;; Hardware stack levels used:    1
   237 ;; This function calls:
   238 ;;		Nothing
   239 ;; This function is called by:
   240 ;;		Interrupt level 2
   241 ;; This function uses a non-reentrant model
   242 ;;
   243                           
   244                           	psect	intcode
   245  000008                     __pintcode:
   246                           	opt callstack 0
   247  000008                     _first_int:
   248                           	opt callstack 29
   249                           
   250                           ;incstack = 0
   251  000008  8208               	bsf	int$flags,1,c	;set compiler interrupt flag (level 2)
   252  00000A                     
   253                           ;main.c: 48:     cont++;
   254  00000A  4A06               	infsnz	_cont^0,f,c
   255  00000C  2A07               	incf	(_cont+1)^0,f,c
   256  00000E                     
   257                           ;main.c: 49:     INTCONbits.INT0IF=0;
   258  00000E  92F2               	bcf	242,1,c	;volatile
   259  000010  9208               	bcf	int$flags,1,c	;clear compiler interrupt flag (level 2)
   260  000012  0011               	retfie		f
   261  000014                     __end_of_first_int:
   262                           	opt callstack 0
   263  0000                     
   264                           	psect	rparam
   265  0000                     
   266                           	psect	temp
   267  000008                     btemp:
   268                           	opt callstack 0
   269  000008                     	ds	1
   270  0000                     int$flags	set	btemp
   271  0000                     wtemp8	set	btemp+1
   272  0000                     ttemp5	set	btemp+1
   273  0000                     ttemp6	set	btemp+4
   274  0000                     ttemp7	set	btemp+8
   275                           tosu	equ	0xFFF
   276                           tosh	equ	0xFFE
   277                           tosl	equ	0xFFD
   278                           stkptr	equ	0xFFC
   279                           pclatu	equ	0xFFB
   280                           pclath	equ	0xFFA
   281                           pcl	equ	0xFF9
   282                           tblptru	equ	0xFF8
   283                           tblptrh	equ	0xFF7
   284                           tblptrl	equ	0xFF6
   285                           tablat	equ	0xFF5
   286                           prodh	equ	0xFF4
   287                           prodl	equ	0xFF3
   288                           indf0	equ	0xFEF
   289                           postinc0	equ	0xFEE
   290                           postdec0	equ	0xFED
   291                           preinc0	equ	0xFEC
   292                           plusw0	equ	0xFEB
   293                           fsr0h	equ	0xFEA
   294                           fsr0l	equ	0xFE9
   295                           wreg	equ	0xFE8
   296                           indf1	equ	0xFE7
   297                           postinc1	equ	0xFE6
   298                           postdec1	equ	0xFE5
   299                           preinc1	equ	0xFE4
   300                           plusw1	equ	0xFE3
   301                           fsr1h	equ	0xFE2
   302                           fsr1l	equ	0xFE1
   303                           bsr	equ	0xFE0
   304                           indf2	equ	0xFDF
   305                           postinc2	equ	0xFDE
   306                           postdec2	equ	0xFDD
   307                           preinc2	equ	0xFDC
   308                           plusw2	equ	0xFDB
   309                           fsr2h	equ	0xFDA
   310                           fsr2l	equ	0xFD9
   311                           status	equ	0xFD8


Data Sizes:
    Strings     0
    Constant    0
    Data        0
    BSS         2
    Persistent  0
    Stack       0

Auto Spaces:
    Space          Size  Autos    Used
    COMRAM           94      5       7
    BANK0           160      0       0
    BANK1           256      0       0
    BANK2           256      0       0
    BANK3           256      0       0
    BANK4           256      0       0
    BANK5           256      0       0
    BANK6           256      0       0
    BANK7           256      0       0

Pointer List with Targets:

    None.

Critical Paths under _main in COMRAM

    None.

Critical Paths under _first_int in COMRAM

    None.

Critical Paths under _main in BANK0

    None.

Critical Paths under _first_int in BANK0

    None.

Critical Paths under _main in BANK1

    None.

Critical Paths under _first_int in BANK1

    None.

Critical Paths under _main in BANK2

    None.

Critical Paths under _first_int in BANK2

    None.

Critical Paths under _main in BANK3

    None.

Critical Paths under _first_int in BANK3

    None.

Critical Paths under _main in BANK4

    None.

Critical Paths under _first_int in BANK4

    None.

Critical Paths under _main in BANK5

    None.

Critical Paths under _first_int in BANK5

    None.

Critical Paths under _main in BANK6

    None.

Critical Paths under _first_int in BANK6

    None.

Critical Paths under _main in BANK7

    None.

Critical Paths under _first_int in BANK7

    None.

Call Graph Tables:

 ---------------------------------------------------------------------------------
 (Depth) Function   	        Calls       Base Space   Used Autos Params    Refs
 ---------------------------------------------------------------------------------
 (0) _main                                                 5     0      5       0
                                              0 COMRAM     5     0      5
                               _conf
 ---------------------------------------------------------------------------------
 (1) _conf                                                 0     0      0       0
 ---------------------------------------------------------------------------------
 Estimated maximum stack depth 1
 ---------------------------------------------------------------------------------
 (Depth) Function   	        Calls       Base Space   Used Autos Params    Refs
 ---------------------------------------------------------------------------------
 (2) _first_int                                            0     0      0       0
 ---------------------------------------------------------------------------------
 Estimated maximum stack depth 2
 ---------------------------------------------------------------------------------

 Call Graph Graphs:

 _main (ROOT)
   _conf

 _first_int (ROOT)

 Address spaces:
Name               Size   Autos  Total    Cost      Usage
BIGRAM             7FF      0       0      21        0.0%
EEDATA             100      0       0       0        0.0%
BITBANK7           100      0       0      19        0.0%
BANK7              100      0       0      20        0.0%
BITBANK6           100      0       0      17        0.0%
BANK6              100      0       0      18        0.0%
BITBANK5           100      0       0      15        0.0%
BANK5              100      0       0      16        0.0%
BITBANK4           100      0       0      13        0.0%
BANK4              100      0       0      14        0.0%
BITBANK3           100      0       0      11        0.0%
BANK3              100      0       0      12        0.0%
BITBANK2           100      0       0       9        0.0%
BANK2              100      0       0      10        0.0%
BITBANK1           100      0       0       7        0.0%
BANK1              100      0       0       8        0.0%
BITBANK0            A0      0       0       4        0.0%
BANK0               A0      0       0       5        0.0%
BITCOMRAM           5E      0       0       0        0.0%
COMRAM              5E      5       7       1        7.4%
BITSFR_1             0      0       0     200        0.0%
SFR_1                0      0       0     200        0.0%
BITSFR               0      0       0     200        0.0%
SFR                  0      0       0     200        0.0%
STACK                0      0       0       2        0.0%
NULL                 0      0       0       0        0.0%
ABS                  0      0       7       6        0.0%
DATA                 0      0       7       3        0.0%
CODE                 0      0       0       0        0.0%


Microchip Technology PIC18 Macro Assembler V2.10 build 88905656 
Symbol Table                                                                                   Wed Oct 14 20:39:13 2020

                     l29 004E             __CFG_CP0$OFF 000000             __CFG_CP1$OFF 000000  
           __CFG_CP2$OFF 000000             __CFG_CP3$OFF 000000              __CFG_LVP$ON 000000  
                    l710 0044                      l722 0018                      l724 0026  
                    l726 002A             __CFG_CPB$OFF 000000             __CFG_CPD$OFF 000000  
                   i2l34 0010                     _conf 0044                     _cont 0006  
                   _main 0018                     btemp 0008            __CFG_BORV$190 000000  
                   start 0014            __CFG_IESO$OFF 000000            __CFG_MCLRE$ON 000000  
           ___param_bank 000000                    ?_conf 0001                    ?_main 0001  
                  i2l720 000E                    i2l718 000A                    _PORTD 000F83  
                  _TRISD 000F95            __CFG_WRT0$OFF 000000            __CFG_WRT1$OFF 000000  
          __CFG_WRT2$OFF 000000            __CFG_WRT3$OFF 000000           __CFG_EBTR0$OFF 000000  
         __CFG_FCMEN$OFF 000000           __CFG_EBTR1$OFF 000000           __CFG_EBTR2$OFF 000000  
         __CFG_EBTR3$OFF 000000            __CFG_WRTB$OFF 000000            __CFG_WRTC$OFF 000000  
          __CFG_WRTD$OFF 000000           __CFG_EBTRB$OFF 000000                    ttemp5 0009  
                  ttemp6 000C                    ttemp7 0010           __CFG_T3CMX$RC0 000000  
                  wtemp8 0009           __CFG_ICPRT$OFF 000000           __CFG_PBADEN$ON 000000  
        __initialization 0036             __end_of_conf 0050             __end_of_main 0036  
         __CFG_PCLKEN$ON 000000                   ??_conf 0001                   ??_main 0006  
          __activetblptr 000000           __CFG_SDOMX$RB3 000000          __CFG_CCP2MX$RC1 000000  
                 _ANSELB 000F5C                   _ANSELD 000F5E           __CFG_WDTEN$OFF 000000  
         __CFG_XINST$OFF 000000           __CFG_STVREN$ON 000000     __CFG_LS48MHZ$SYS24X4 000000  
             __accesstop 0060  __end_of__initialization 003A            ___rparam_used 000001  
         __pcstackCOMRAM 0001         __CFG_nPWRTEN$OFF 000000       __size_of_first_int 000C  
      __CFG_PLLSEL$PLL4X 000000                  __Hparam 0000                  __Lparam 0000  
                __pcinit 0036                  __ramtop 0800        __end_of_first_int 0014  
                __ptext0 0018                  __ptext1 0044     end_of_initialization 003A  
              _TRISBbits 000F93      start_initialization 0036          __CFG_nLPBOR$OFF 000000  
            __pbssCOMRAM 0006                __pintcode 0008                _first_int 0008  
       __CFG_WDTPS$32768 000000               ?_first_int 0001        __CFG_CFGPLLEN$OFF 000000  
            _INTCON2bits 000FF1                 __Hrparam 0000                 __Lrparam 0000  
     __CFG_BOREN$SBORDIS 000000            __size_of_conf 000C            __size_of_main 001E  
               int$flags 0008                 main@argc 0001                 main@argv 0003  
             _INTCONbits 000FF2              ??_first_int 0001                 intlevel2 0000  
   __CFG_CPUDIV$NOCLKDIV 000000       __CFG_FOSC$INTOSCIO 000000  
